
ROM used:   458 (6%)
            458 (6%) including unused fragments

            1 Average locations per line
            5 Average locations per statement

RAM used:   5 (1%) at main() level
            24 (7%) worst case

Stack used: 5/8 worst case (5 in main + 0 for interrupts)

Lines Stmts  %   Files
----- ----- ---  -----
  154    16  16  main.c
  302     0   0  C:\Program Files (x86)\PICC\devices\16F877.h
  456    84  84  C:\Program Files (x86)\PICC\drivers\lcd.c
----- -----
  912   100 Total

Page ROM  %  RAM   Vol Diff  Functions:
---- --- --- ---   --- ----  ----------
0     20   4   1   485  7.8  @delay_ms1
0      8   2   0   272  5.5  @const73
 Inline        3   596  5.9  lcd_read_byte
0      6   1   0    59  4.2  lcd_read_nibble
0     17   4   1   179  3.3  lcd_send_nibble
0     66  14   3   460  4.7  lcd_send_byte
0     51  11   2   667  5.9  lcd_init
0     18   4   4   208  6.3  lcd_gotoxy
0     44  10   1   354  4.7  lcd_putc
0     79  17   0   460  5.4  MAIN
0     21   5   3   318  6.5  @DIV88
0     89  19   6   475  7.2  @PRINTF_D_91
0     35   8   2   436  7.9  @PRINTF_X_91
 Inline        0             @cinit1

Program metrics:
    Functions               13
    Statements              100
    Comments                538
    Volume (V)              8255
    Difficulty (D)          75.4
    Effort to implement (E) 622296
    Time to implement (T)   9 hours, 36 minutes
    Est Delivered Bugs (B)  2
    Cyclomatic Complexity   20
    Maintainability (MI)    78

 Segment     Used  Free
-----------  ----  ----
00000-00003     4  0  
00004-007FF   454  1590  
00800-00FFF     0  2048  
01000-017FF     0  2048  
01800-01FFF     0  2048  



